<?xml version="1.0" encoding="UTF-8"?>
<testng-results ignored="0" total="1" passed="1" failed="0" skipped="0">
  <reporter-output>
  </reporter-output>
  <suite started-at="2022-08-03T05:29:16Z" name="Default suite" finished-at="2022-08-03T05:29:48Z" duration-ms="32508">
    <groups>
      <group name="cucumber">
        <method signature="AbstractTestNGCucumberTests.runScenario(io.cucumber.testng.PickleEventWrapper, io.cucumber.testng.CucumberFeatureWrapper)[pri:0, instance:runner.Default@536f2a7e]" name="runScenario" class="io.cucumber.testng.AbstractTestNGCucumberTests"/>
      </group> <!-- cucumber -->
    </groups>
    <test started-at="2022-08-03T05:29:16Z" name="Default test" finished-at="2022-08-03T05:29:48Z" duration-ms="32508">
      <class name="runner.Default">
        <test-method is-config="true" signature="setUpClass()[pri:0, instance:runner.Default@536f2a7e]" started-at="2022-08-03T05:29:16Z" name="setUpClass" finished-at="2022-08-03T05:29:16Z" duration-ms="73" status="PASS">
          <reporter-output>
          </reporter-output>
        </test-method> <!-- setUpClass -->
        <test-method is-config="true" signature="before()[pri:0, instance:runner.Default@536f2a7e]" started-at="2022-08-03T05:29:16Z" name="before" finished-at="2022-08-03T05:29:16Z" duration-ms="1" status="PASS">
          <reporter-output>
          </reporter-output>
        </test-method> <!-- before -->
        <test-method signature="runScenario(io.cucumber.testng.PickleEventWrapper, io.cucumber.testng.CucumberFeatureWrapper)[pri:0, instance:runner.Default@536f2a7e]" started-at="2022-08-03T05:29:16Z" name="runScenario" description="Runs Cucumber Scenarios" data-provider="scenarios" finished-at="2022-08-03T05:29:48Z" duration-ms="32326" status="PASS">
          <params>
            <param index="0">
              <value>
                <![CDATA["Check Blog Link displayed"]]>
              </value>
            </param>
            <param index="1">
              <value>
                <![CDATA["Home Page Verifications"]]>
              </value>
            </param>
          </params>
          <reporter-output>
          </reporter-output>
        </test-method> <!-- runScenario -->
        <test-method is-config="true" signature="tearDownClass()[pri:0, instance:runner.Default@536f2a7e]" started-at="2022-08-03T05:29:48Z" name="tearDownClass" finished-at="2022-08-03T05:29:48Z" duration-ms="55" status="PASS">
          <reporter-output>
          </reporter-output>
        </test-method> <!-- tearDownClass -->
        <test-method is-config="true" signature="after()[pri:0, instance:runner.Default@536f2a7e]" started-at="2022-08-03T05:29:48Z" name="after" finished-at="2022-08-03T05:29:48Z" duration-ms="0" status="PASS">
          <reporter-output>
          </reporter-output>
        </test-method> <!-- after -->
      </class> <!-- runner.Default -->
    </test> <!-- Default test -->
  </suite> <!-- Default suite -->
</testng-results>
